Using pre-set license
Built from '2020.3/release' branch; Version is '2020.3.1f1 (77a89f25062f) revision 7841951'; Using compiler version '192528614'; Build Type 'Release'
OS: 'Windows 10 Home; OS build 19043.1052; Version 2009; 64bit' Language: 'en' Physical Memory: 16178 MB
BatchMode: 1, IsHumanControllingUs: 0, StartBugReporterOnCrash: 0, Is64bit: 1, IsPro: 0

 COMMAND LINE ARGUMENTS:
D:\unity\Editor\Unity.exe
-adb2
-batchMode
-noUpm
-name
AssetImportWorker0
-projectPath
D:/final/WEBOFUNITY/WEBOFUNITY
-logFile
Logs/AssetImportWorker0.log
-srvPort
53176
Successfully changed project path to: D:/final/WEBOFUNITY/WEBOFUNITY
D:/final/WEBOFUNITY/WEBOFUNITY
Using Asset Import Pipeline V2.
Refreshing native plugins compatible for Editor in 43.75 ms, found 0 plugins.
Preloading 0 native plugins for Editor in 0.00 ms.
Initialize engine version: 2020.3.1f1 (77a89f25062f)
[Subsystems] Discovering subsystems at path D:/unity/Editor/Data/Resources/UnitySubsystems
[Subsystems] Discovering subsystems at path D:/final/WEBOFUNITY/WEBOFUNITY/Assets
GfxDevice: creating device client; threaded=0
Direct3D:
    Version:  Direct3D 11.0 [level 11.1]
    Renderer: NVIDIA GeForce GTX 1060 with Max-Q Design (ID=0x1c20)
    Vendor:   
    VRAM:     6052 MB
    Driver:   27.21.14.5771
Initialize mono
Mono path[0] = 'D:/unity/Editor/Data/Managed'
Mono path[1] = 'D:/unity/Editor/Data/MonoBleedingEdge/lib/mono/unityjit'
Mono config path = 'D:/unity/Editor/Data/MonoBleedingEdge/etc'
Using monoOptions --debugger-agent=transport=dt_socket,embedding=1,server=y,suspend=n,address=127.0.0.1:56308
Begin MonoManager ReloadAssembly
Registering precompiled unity dll's ...
Register platform support module: D:/unity/Editor/Data/PlaybackEngines/WebGLSupport/UnityEditor.WebGL.Extensions.dll
Register platform support module: D:/unity/Editor/Data/PlaybackEngines/WindowsStandaloneSupport/UnityEditor.WindowsStandalone.Extensions.dll
Registered in 0.007776 seconds.
Native extension for WindowsStandalone target not found
Native extension for WebGL target not found
Refreshing native plugins compatible for Editor in 41.88 ms, found 0 plugins.
Preloading 0 native plugins for Editor in 0.00 ms.
Invoked RoslynAnalysisRunner static constructor.
RoslynAnalysisRunner will not be running.
RoslynAnalysisRunner has terminated.
Mono: successfully reloaded assembly
- Completed reload, in  2.026 seconds
Platform modules already initialized, skipping
Registering precompiled user dll's ...
Registered in 0.001408 seconds.
Begin MonoManager ReloadAssembly
Native extension for WindowsStandalone target not found
Native extension for WebGL target not found
Refreshing native plugins compatible for Editor in 0.40 ms, found 0 plugins.
Preloading 0 native plugins for Editor in 0.00 ms.
Invoked RoslynAnalysisRunner static constructor.
RoslynAnalysisRunner will not be running.
RoslynAnalysisRunner has terminated.
Mono: successfully reloaded assembly
- Completed reload, in  0.886 seconds
Platform modules already initialized, skipping
========================================================================
Worker process is ready to serve import requests
Launched and connected shader compiler UnityShaderCompiler.exe after 0.07 seconds
Refreshing native plugins compatible for Editor in 0.42 ms, found 0 plugins.
Preloading 0 native plugins for Editor in 0.00 ms.
Unloading 1313 Unused Serialized files (Serialized files now loaded: 0)
System memory in use before: 86.9 MB.
System memory in use after: 86.9 MB.

Unloading 11 unused Assets to reduce memory usage. Loaded Objects now: 1783.
Total: 1.908000 ms (FindLiveObjects: 0.170600 ms CreateObjectMapping: 0.045400 ms MarkObjects: 1.568500 ms  DeleteObjects: 0.122100 ms)

========================================================================
Received Import Request.
  path: Assets/PBR Lamps Pack Free
  artifactKey: Guid(8dae190796b577a4fb7593c724ef41f8) Importer(815301076,1909f56bfc062723c751e8b465ee728b)
Start importing Assets/PBR Lamps Pack Free using Guid(8dae190796b577a4fb7593c724ef41f8) Importer(815301076,1909f56bfc062723c751e8b465ee728b)  -> (artifact id: '218da178e7b258155bf078b2201bfc71') in 0.023389 seconds
  Import took 0.026747 seconds .

========================================================================
Received Import Request.
  Time since last request: 11.456548 seconds.
  path: Assets/TextMesh Pro
  artifactKey: Guid(f54d1bd14bd3ca042bd867b519fee8cc) Importer(815301076,1909f56bfc062723c751e8b465ee728b)
Start importing Assets/TextMesh Pro using Guid(f54d1bd14bd3ca042bd867b519fee8cc) Importer(815301076,1909f56bfc062723c751e8b465ee728b)  -> (artifact id: 'edbc3fca3e3986de9b9c225d7b688221') in 0.006485 seconds
  Import took 0.111630 seconds .

========================================================================
Received Import Request.
  Time since last request: 1.850042 seconds.
  path: Assets/TextMesh Pro/Fonts
  artifactKey: Guid(6ab70aee4d56447429c680537fbf93ed) Importer(815301076,1909f56bfc062723c751e8b465ee728b)
Start importing Assets/TextMesh Pro/Fonts using Guid(6ab70aee4d56447429c680537fbf93ed) Importer(815301076,1909f56bfc062723c751e8b465ee728b)  -> (artifact id: 'f1431a2b299d522cc453bcd88317d751') in 0.005946 seconds
  Import took 0.008064 seconds .

========================================================================
Received Prepare
Registering precompiled user dll's ...
Registered in 0.002129 seconds.
Begin MonoManager ReloadAssembly
Native extension for WindowsStandalone target not found
Native extension for WebGL target not found
Refreshing native plugins compatible for Editor in 0.41 ms, found 0 plugins.
Preloading 0 native plugins for Editor in 0.00 ms.
Invoked RoslynAnalysisRunner static constructor.
RoslynAnalysisRunner will not be running.
RoslynAnalysisRunner has terminated.
Mono: successfully reloaded assembly
- Completed reload, in  0.832 seconds
Platform modules already initialized, skipping
Refreshing native plugins compatible for Editor in 0.40 ms, found 0 plugins.
Preloading 0 native plugins for Editor in 0.00 ms.
Unloading 1289 Unused Serialized files (Serialized files now loaded: 0)
System memory in use before: 85.4 MB.
System memory in use after: 85.5 MB.

Unloading 6 unused Assets to reduce memory usage. Loaded Objects now: 1787.
Total: 5.160700 ms (FindLiveObjects: 0.357400 ms CreateObjectMapping: 0.119300 ms MarkObjects: 4.473100 ms  DeleteObjects: 0.207700 ms)

========================================================================
Received Prepare
Registering precompiled user dll's ...
Registered in 0.001213 seconds.
Begin MonoManager ReloadAssembly
Native extension for WindowsStandalone target not found
Native extension for WebGL target not found
Refreshing native plugins compatible for Editor in 0.42 ms, found 0 plugins.
Preloading 0 native plugins for Editor in 0.00 ms.
Invoked RoslynAnalysisRunner static constructor.
RoslynAnalysisRunner will not be running.
RoslynAnalysisRunner has terminated.
Mono: successfully reloaded assembly
- Completed reload, in  0.837 seconds
Platform modules already initialized, skipping
Refreshing native plugins compatible for Editor in 0.48 ms, found 0 plugins.
Preloading 0 native plugins for Editor in 0.00 ms.
Unloading 1288 Unused Serialized files (Serialized files now loaded: 0)
System memory in use before: 85.4 MB.
System memory in use after: 85.5 MB.

Unloading 6 unused Assets to reduce memory usage. Loaded Objects now: 1790.
Total: 1.751100 ms (FindLiveObjects: 0.164800 ms CreateObjectMapping: 0.041400 ms MarkObjects: 1.461900 ms  DeleteObjects: 0.081700 ms)

========================================================================
Received Import Request.
  Time since last request: 5349.606642 seconds.
  path: Assets/devotid/Patio Furniture/Materials
  artifactKey: Guid(a596a94b2ff774b439ccd9ab126af8a4) Importer(815301076,1909f56bfc062723c751e8b465ee728b)
Start importing Assets/devotid/Patio Furniture/Materials using Guid(a596a94b2ff774b439ccd9ab126af8a4) Importer(815301076,1909f56bfc062723c751e8b465ee728b)  -> (artifact id: '219c706e8a75d76aad545015de0f38e5') in 0.008660 seconds
  Import took 0.011761 seconds .

========================================================================
Received Import Request.
  Time since last request: 0.049596 seconds.
  path: Assets/devotid/Patio Furniture/Materials/Gazebo.mat
  artifactKey: Guid(6fbd9f66d4865d14da891c3771d7640f) Importer(815301076,1909f56bfc062723c751e8b465ee728b)
Start importing Assets/devotid/Patio Furniture/Materials/Gazebo.mat using Guid(6fbd9f66d4865d14da891c3771d7640f) Importer(815301076,1909f56bfc062723c751e8b465ee728b)  -> (artifact id: '9db1618f4b1bf25bdedbc0e505529a19') in 1.051042 seconds
  Import took 1.105636 seconds .

========================================================================
Received Import Request.
  Time since last request: 0.000472 seconds.
  path: Assets/devotid/Patio Furniture/Materials/Patio Furniture FBX_Gazebo_AlbedoTransparency.mat
  artifactKey: Guid(7ef758ff4ed3b7340ad3b1c3bdb91895) Importer(815301076,1909f56bfc062723c751e8b465ee728b)
Start importing Assets/devotid/Patio Furniture/Materials/Patio Furniture FBX_Gazebo_AlbedoTransparency.mat using Guid(7ef758ff4ed3b7340ad3b1c3bdb91895) Importer(815301076,1909f56bfc062723c751e8b465ee728b)  -> (artifact id: 'b76f81caab96e634e08f03d371ed07fe') in 0.027508 seconds
  Import took 0.044320 seconds .

========================================================================
Received Import Request.
  Time since last request: 0.000441 seconds.
  path: Assets/devotid/Patio Furniture/Materials/Umbrella.mat
  artifactKey: Guid(400eac1ab55439f48bdad7610ef28526) Importer(815301076,1909f56bfc062723c751e8b465ee728b)
Start importing Assets/devotid/Patio Furniture/Materials/Umbrella.mat using Guid(400eac1ab55439f48bdad7610ef28526) Importer(815301076,1909f56bfc062723c751e8b465ee728b)  -> (artifact id: '64dddd192b0938f0fcb49473422c12ec') in 0.025719 seconds
  Import took 0.041553 seconds .

========================================================================
Received Import Request.
  Time since last request: 0.000427 seconds.
  path: Assets/devotid/Patio Furniture/Materials/Patio Furniture FBX_Patio Furniture_AlbedoTransparency.mat
  artifactKey: Guid(78a5222af574b3549a2c05c6b0c47ba9) Importer(815301076,1909f56bfc062723c751e8b465ee728b)
Start importing Assets/devotid/Patio Furniture/Materials/Patio Furniture FBX_Patio Furniture_AlbedoTransparency.mat using Guid(78a5222af574b3549a2c05c6b0c47ba9) Importer(815301076,1909f56bfc062723c751e8b465ee728b)  -> (artifact id: 'cafe3366eabad78ff87ab2f2453a10d5') in 0.017315 seconds
  Import took 0.080033 seconds .

========================================================================
Received Import Request.
  Time since last request: 0.000419 seconds.
  path: Assets/devotid/Patio Furniture/Materials/Patio Furniture.mat
  artifactKey: Guid(9f1efed72eb6bd847b6828b090d41824) Importer(815301076,1909f56bfc062723c751e8b465ee728b)
Start importing Assets/devotid/Patio Furniture/Materials/Patio Furniture.mat using Guid(9f1efed72eb6bd847b6828b090d41824) Importer(815301076,1909f56bfc062723c751e8b465ee728b)  -> (artifact id: '71c8b3109066fd217849f6a9650ee7e6') in 0.480825 seconds
  Import took 0.533382 seconds .

========================================================================
Received Prepare
Registering precompiled user dll's ...
Registered in 0.001328 seconds.
Begin MonoManager ReloadAssembly
Native extension for WindowsStandalone target not found
Native extension for WebGL target not found
Refreshing native plugins compatible for Editor in 0.40 ms, found 0 plugins.
Preloading 0 native plugins for Editor in 0.00 ms.
Invoked RoslynAnalysisRunner static constructor.
RoslynAnalysisRunner will not be running.
RoslynAnalysisRunner has terminated.
Mono: successfully reloaded assembly
- Completed reload, in  0.852 seconds
Platform modules already initialized, skipping
Refreshing native plugins compatible for Editor in 0.41 ms, found 0 plugins.
Preloading 0 native plugins for Editor in 0.00 ms.
Unloading 1288 Unused Serialized files (Serialized files now loaded: 0)
System memory in use before: 88.7 MB.
System memory in use after: 88.8 MB.

Unloading 6 unused Assets to reduce memory usage. Loaded Objects now: 1833.
Total: 4.599900 ms (FindLiveObjects: 0.377800 ms CreateObjectMapping: 0.126100 ms MarkObjects: 3.871600 ms  DeleteObjects: 0.220900 ms)

========================================================================
Received Import Request.
  Time since last request: 442.038676 seconds.
  path: Assets/devotid/Patio Furniture/Textures/Patio Furniture FBX_Patio Furniture_AlbedoTransparency.bmp
  artifactKey: Guid(063ab48a59afb884f9e8e8e55307657c) Importer(815301076,1909f56bfc062723c751e8b465ee728b)
Start importing Assets/devotid/Patio Furniture/Textures/Patio Furniture FBX_Patio Furniture_AlbedoTransparency.bmp using Guid(063ab48a59afb884f9e8e8e55307657c) Importer(815301076,1909f56bfc062723c751e8b465ee728b)  -> (artifact id: '9381b3198cde8048fc8aa5eea5c3b133') in 0.231546 seconds
  Import took 0.360769 seconds .

========================================================================
Received Import Request.
  Time since last request: 0.001912 seconds.
  path: Assets/devotid/Patio Furniture/Textures/Patio Furniture FBX_Patio Furniture_AlbedoTransparency.bmp
  artifactKey: Guid(063ab48a59afb884f9e8e8e55307657c) Importer(815301076,1909f56bfc062723c751e8b465ee728b)
Start importing Assets/devotid/Patio Furniture/Textures/Patio Furniture FBX_Patio Furniture_AlbedoTransparency.bmp using Guid(063ab48a59afb884f9e8e8e55307657c) Importer(815301076,1909f56bfc062723c751e8b465ee728b)  -> (artifact id: '9381b3198cde8048fc8aa5eea5c3b133') in 0.015442 seconds
  Import took 0.017908 seconds .

========================================================================
Received Import Request.
  Time since last request: 44.655781 seconds.
  path: Assets/devotid/Patio Furniture/Models
  artifactKey: Guid(93c0a35fd75041e4287dff8879010460) Importer(815301076,1909f56bfc062723c751e8b465ee728b)
Start importing Assets/devotid/Patio Furniture/Models using Guid(93c0a35fd75041e4287dff8879010460) Importer(815301076,1909f56bfc062723c751e8b465ee728b)  -> (artifact id: '602da375097c5b90dbe56447cd306d69') in 0.107159 seconds
  Import took 0.141090 seconds .

========================================================================
Received Import Request.
  Time since last request: 0.482691 seconds.
  path: Assets/devotid/Patio Furniture/Materials/Patio Furniture FBX_Patio Furniture_MetallicSmoothness.mat
  artifactKey: Guid(6140817b47a1647448585919f1ad43b0) Importer(815301076,1909f56bfc062723c751e8b465ee728b)
Start importing Assets/devotid/Patio Furniture/Materials/Patio Furniture FBX_Patio Furniture_MetallicSmoothness.mat using Guid(6140817b47a1647448585919f1ad43b0) Importer(815301076,1909f56bfc062723c751e8b465ee728b)  -> (artifact id: '254ca9bbeba7b41609eeff86fbf53c7f') in 0.038700 seconds
  Import took 0.077984 seconds .

========================================================================
Received Import Request.
  Time since last request: 0.000543 seconds.
  path: Assets/devotid/Patio Furniture/Materials/Patio Furniture FBX_Patio Furniture_Normal.mat
  artifactKey: Guid(56fbf15c419625143be59d2eb7cb6bdb) Importer(815301076,1909f56bfc062723c751e8b465ee728b)
Start importing Assets/devotid/Patio Furniture/Materials/Patio Furniture FBX_Patio Furniture_Normal.mat using Guid(56fbf15c419625143be59d2eb7cb6bdb) Importer(815301076,1909f56bfc062723c751e8b465ee728b)  -> (artifact id: '805ef8ff791defc802f25fd4dbcfea95') in 0.016635 seconds
  Import took 0.029134 seconds .

========================================================================
Received Import Request.
  Time since last request: 494.749929 seconds.
  path: Assets/Playground Low Poly
  artifactKey: Guid(ea1636e4a7f49484289b83a771c1b913) Importer(815301076,1909f56bfc062723c751e8b465ee728b)
Start importing Assets/Playground Low Poly using Guid(ea1636e4a7f49484289b83a771c1b913) Importer(815301076,1909f56bfc062723c751e8b465ee728b)  -> (artifact id: '5c3e6fe049b24b3ed9061236ca519a91') in 0.006926 seconds
  Import took 0.377240 seconds .

========================================================================
Received Import Request.
  Time since last request: 0.744524 seconds.
  path: Assets/Playground Low Poly/Prefabs
  artifactKey: Guid(ca46991f51b1485469af4dfc35a88f11) Importer(815301076,1909f56bfc062723c751e8b465ee728b)
Start importing Assets/Playground Low Poly/Prefabs using Guid(ca46991f51b1485469af4dfc35a88f11) Importer(815301076,1909f56bfc062723c751e8b465ee728b)  -> (artifact id: 'bf8fd410f6c9038e082f47b695903e1f') in 0.036182 seconds
  Import took 0.064916 seconds .

========================================================================
Received Import Request.
  Time since last request: 0.000597 seconds.
  path: Assets/Playground Low Poly/Prefabs/SM_Alcove_01.prefab
  artifactKey: Guid(30de34a35a4305c4498f476c8678d541) Importer(815301076,1909f56bfc062723c751e8b465ee728b)
Start importing Assets/Playground Low Poly/Prefabs/SM_Alcove_01.prefab using Guid(30de34a35a4305c4498f476c8678d541) Importer(815301076,1909f56bfc062723c751e8b465ee728b)  -> (artifact id: 'd22bb7c209d0b0f8a0d0f3ea0938124b') in 0.254912 seconds
  Import took 0.334592 seconds .

========================================================================
Received Import Request.
  Time since last request: 0.000657 seconds.
  path: Assets/Playground Low Poly/Prefabs/SM_Chair_01.prefab
  artifactKey: Guid(500925a97305aff4a8bc1171f7643ff4) Importer(815301076,1909f56bfc062723c751e8b465ee728b)
Start importing Assets/Playground Low Poly/Prefabs/SM_Chair_01.prefab using Guid(500925a97305aff4a8bc1171f7643ff4) Importer(815301076,1909f56bfc062723c751e8b465ee728b)  -> (artifact id: 'cbe3874c0e43a8aad698a8a35738d14a') in 0.068124 seconds
  Import took 0.087858 seconds .

========================================================================
Received Import Request.
  Time since last request: 0.000596 seconds.
  path: Assets/Playground Low Poly/Prefabs/SM_Flowers_02.prefab
  artifactKey: Guid(49d0e1a0411092349ab46bb76dd7e5b5) Importer(815301076,1909f56bfc062723c751e8b465ee728b)
Start importing Assets/Playground Low Poly/Prefabs/SM_Flowers_02.prefab using Guid(49d0e1a0411092349ab46bb76dd7e5b5) Importer(815301076,1909f56bfc062723c751e8b465ee728b)  -> (artifact id: '63b7af60e5a20e1b88e23fa53a421e49') in 0.114868 seconds
  Import took 0.141025 seconds .

========================================================================
Received Import Request.
  Time since last request: 0.000569 seconds.
  path: Assets/Playground Low Poly/Prefabs/SM_Grass_01.prefab
  artifactKey: Guid(5fe99a1fac0a3004cafced165f34aba2) Importer(815301076,1909f56bfc062723c751e8b465ee728b)
Start importing Assets/Playground Low Poly/Prefabs/SM_Grass_01.prefab using Guid(5fe99a1fac0a3004cafced165f34aba2) Importer(815301076,1909f56bfc062723c751e8b465ee728b)  -> (artifact id: '3f2d92b5c337d47a83bd32d31d1ce1ec') in 0.076185 seconds
  Import took 0.110586 seconds .

========================================================================
Received Import Request.
  Time since last request: 0.000848 seconds.
  path: Assets/Playground Low Poly/Prefabs/SM_Playground_02.prefab
  artifactKey: Guid(320e1716c0bedb84a91c9707981bd279) Importer(815301076,1909f56bfc062723c751e8b465ee728b)
Start importing Assets/Playground Low Poly/Prefabs/SM_Playground_02.prefab using Guid(320e1716c0bedb84a91c9707981bd279) Importer(815301076,1909f56bfc062723c751e8b465ee728b)  -> (artifact id: 'ebc6b0f7630ca3e309892be7a69a7cd5') in 0.027024 seconds
  Import took 0.059030 seconds .

========================================================================
Received Import Request.
  Time since last request: 0.000473 seconds.
  path: Assets/Playground Low Poly/Prefabs/SM_Playground_05.prefab
  artifactKey: Guid(7a9b12c91eb11314eb8dbbeeb81b7593) Importer(815301076,1909f56bfc062723c751e8b465ee728b)
Start importing Assets/Playground Low Poly/Prefabs/SM_Playground_05.prefab using Guid(7a9b12c91eb11314eb8dbbeeb81b7593) Importer(815301076,1909f56bfc062723c751e8b465ee728b)  -> (artifact id: 'b12afb4137562c9e1ce21753c6ed8655') in 0.030710 seconds
  Import took 0.060203 seconds .

========================================================================
Received Import Request.
  Time since last request: 0.000504 seconds.
  path: Assets/Playground Low Poly/Prefabs/SM_Flowers_01.prefab
  artifactKey: Guid(ad08133495a7adb49b6ccc63132fd923) Importer(815301076,1909f56bfc062723c751e8b465ee728b)
Start importing Assets/Playground Low Poly/Prefabs/SM_Flowers_01.prefab using Guid(ad08133495a7adb49b6ccc63132fd923) Importer(815301076,1909f56bfc062723c751e8b465ee728b)  -> (artifact id: 'd70bbde1aa0623d2aba6169e3dd3e820') in 0.076523 seconds
  Import took 0.108921 seconds .

========================================================================
Received Import Request.
  Time since last request: 0.001346 seconds.
  path: Assets/Playground Low Poly/Prefabs/SM_Railings_220.prefab
  artifactKey: Guid(20defdf087831834e9fe91491e024973) Importer(815301076,1909f56bfc062723c751e8b465ee728b)
Start importing Assets/Playground Low Poly/Prefabs/SM_Railings_220.prefab using Guid(20defdf087831834e9fe91491e024973) Importer(815301076,1909f56bfc062723c751e8b465ee728b)  -> (artifact id: '510d950c44aa149ba35c710d38b67774') in 0.066679 seconds
  Import took 0.113876 seconds .

========================================================================
Received Import Request.
  Time since last request: 0.000549 seconds.
  path: Assets/Playground Low Poly/Prefabs/SM_Stone_02.prefab
  artifactKey: Guid(9e065b028a5d26a43b4157d88572f54d) Importer(815301076,1909f56bfc062723c751e8b465ee728b)
Start importing Assets/Playground Low Poly/Prefabs/SM_Stone_02.prefab using Guid(9e065b028a5d26a43b4157d88572f54d) Importer(815301076,1909f56bfc062723c751e8b465ee728b)  -> (artifact id: '0febca86660009e179c80d5bd35ca5de') in 0.084897 seconds
  Import took 0.111482 seconds .

========================================================================
Received Import Request.
  Time since last request: 0.000631 seconds.
  path: Assets/Playground Low Poly/Prefabs/SM_Swings_03.prefab
  artifactKey: Guid(16d4c257c40500540bf530cf3ca1ae27) Importer(815301076,1909f56bfc062723c751e8b465ee728b)
Start importing Assets/Playground Low Poly/Prefabs/SM_Swings_03.prefab using Guid(16d4c257c40500540bf530cf3ca1ae27) Importer(815301076,1909f56bfc062723c751e8b465ee728b)  -> (artifact id: '485aa09506bd6350e9bd6704519d55a4') in 0.112381 seconds
  Import took 0.135939 seconds .

========================================================================
Received Import Request.
  Time since last request: 0.000489 seconds.
  path: Assets/Playground Low Poly/Prefabs/SM_Lamp_01.prefab
  artifactKey: Guid(308803aad978b3c48a7a7174dc84ef86) Importer(815301076,1909f56bfc062723c751e8b465ee728b)
Start importing Assets/Playground Low Poly/Prefabs/SM_Lamp_01.prefab using Guid(308803aad978b3c48a7a7174dc84ef86) Importer(815301076,1909f56bfc062723c751e8b465ee728b)  -> (artifact id: '45c62c957079bc88e94877ad0d6aa061') in 0.032021 seconds
  Import took 0.049603 seconds .

========================================================================
Received Import Request.
  Time since last request: 0.000482 seconds.
  path: Assets/Playground Low Poly/Prefabs/SM_Border_200.prefab
  artifactKey: Guid(2d75f008eccc7ba40b8c5236e0b10311) Importer(815301076,1909f56bfc062723c751e8b465ee728b)
Start importing Assets/Playground Low Poly/Prefabs/SM_Border_200.prefab using Guid(2d75f008eccc7ba40b8c5236e0b10311) Importer(815301076,1909f56bfc062723c751e8b465ee728b)  -> (artifact id: '5f8dc143693c64b78e782d655c4c535a') in 0.061772 seconds
  Import took 0.076057 seconds .

========================================================================
Received Import Request.
  Time since last request: 0.000502 seconds.
  path: Assets/Playground Low Poly/Prefabs/SM_Archway_01.prefab
  artifactKey: Guid(92b9500dcd2ea724780127ee172ee9a7) Importer(815301076,1909f56bfc062723c751e8b465ee728b)
Start importing Assets/Playground Low Poly/Prefabs/SM_Archway_01.prefab using Guid(92b9500dcd2ea724780127ee172ee9a7) Importer(815301076,1909f56bfc062723c751e8b465ee728b)  -> (artifact id: 'e69af80b952a395734e814c66f494903') in 0.073106 seconds
  Import took 0.085860 seconds .

========================================================================
Received Import Request.
  Time since last request: 0.000586 seconds.
  path: Assets/Playground Low Poly/Prefabs/SM_Stand_02.prefab
  artifactKey: Guid(4de75b156eca74e4cb387cb66d846bca) Importer(815301076,1909f56bfc062723c751e8b465ee728b)
Start importing Assets/Playground Low Poly/Prefabs/SM_Stand_02.prefab using Guid(4de75b156eca74e4cb387cb66d846bca) Importer(815301076,1909f56bfc062723c751e8b465ee728b)  -> (artifact id: 'a7c94f26c1f1a564748a16e4075f19d9') in 0.035524 seconds
  Import took 0.052936 seconds .

========================================================================
Received Import Request.
  Time since last request: 0.000507 seconds.
  path: Assets/Playground Low Poly/Prefabs/SM_Swings_01.prefab
  artifactKey: Guid(9fc0d344e6ba1574183600c17ba78f3b) Importer(815301076,1909f56bfc062723c751e8b465ee728b)
Start importing Assets/Playground Low Poly/Prefabs/SM_Swings_01.prefab using Guid(9fc0d344e6ba1574183600c17ba78f3b) Importer(815301076,1909f56bfc062723c751e8b465ee728b)  -> (artifact id: '644a04ebc607a8f0df2b58e467856216') in 0.071971 seconds
  Import took 0.084386 seconds .

========================================================================
Received Import Request.
  Time since last request: 0.000599 seconds.
  path: Assets/Playground Low Poly/Prefabs/SM_Playground_03.prefab
  artifactKey: Guid(2a1e00f6fd8038f4eb484539be2d71d2) Importer(815301076,1909f56bfc062723c751e8b465ee728b)
Start importing Assets/Playground Low Poly/Prefabs/SM_Playground_03.prefab using Guid(2a1e00f6fd8038f4eb484539be2d71d2) Importer(815301076,1909f56bfc062723c751e8b465ee728b)  -> (artifact id: '0dca7d9b636eff45b374280d5935f525') in 0.023176 seconds
  Import took 0.026239 seconds .

========================================================================
Received Import Request.
  Time since last request: 0.000607 seconds.
  path: Assets/Playground Low Poly/Prefabs/SM_Border_40.prefab
  artifactKey: Guid(f57df6306c27153428ccdaf4afc9067d) Importer(815301076,1909f56bfc062723c751e8b465ee728b)
Start importing Assets/Playground Low Poly/Prefabs/SM_Border_40.prefab using Guid(f57df6306c27153428ccdaf4afc9067d) Importer(815301076,1909f56bfc062723c751e8b465ee728b)  -> (artifact id: 'ed00680015937127c78d59ff675a5143') in 0.032340 seconds
  Import took 0.035439 seconds .

========================================================================
Received Import Request.
  Time since last request: 0.000422 seconds.
  path: Assets/Playground Low Poly/Prefabs/SM_Crossbar_Stairs_01.prefab
  artifactKey: Guid(0a01ce2f5c886ac469ab722a233b6650) Importer(815301076,1909f56bfc062723c751e8b465ee728b)
Start importing Assets/Playground Low Poly/Prefabs/SM_Crossbar_Stairs_01.prefab using Guid(0a01ce2f5c886ac469ab722a233b6650) Importer(815301076,1909f56bfc062723c751e8b465ee728b)  -> (artifact id: 'a4c004339ea94b7a4e9d6d9f5294fa15') in 0.052665 seconds
  Import took 0.059724 seconds .

========================================================================
Received Import Request.
  Time since last request: 0.000606 seconds.
  path: Assets/Playground Low Poly/Prefabs/SM_Box_Ground_01.prefab
  artifactKey: Guid(a6127c022565ea946804415a1af07b12) Importer(815301076,1909f56bfc062723c751e8b465ee728b)
Start importing Assets/Playground Low Poly/Prefabs/SM_Box_Ground_01.prefab using Guid(a6127c022565ea946804415a1af07b12) Importer(815301076,1909f56bfc062723c751e8b465ee728b)  -> (artifact id: '00c89c50420ff39907553255155930f8') in 0.034836 seconds
  Import took 0.037049 seconds .

========================================================================
Received Import Request.
  Time since last request: 0.000501 seconds.
  path: Assets/Playground Low Poly/Prefabs/SM_Ball_01.prefab
  artifactKey: Guid(a6f5b2e09e2cfec45b1803180ac584d5) Importer(815301076,1909f56bfc062723c751e8b465ee728b)
Start importing Assets/Playground Low Poly/Prefabs/SM_Ball_01.prefab using Guid(a6f5b2e09e2cfec45b1803180ac584d5) Importer(815301076,1909f56bfc062723c751e8b465ee728b)  -> (artifact id: '172796d108c68b6682d84ba5be02f26a') in 0.042782 seconds
  Import took 0.064072 seconds .

========================================================================
Received Import Request.
  Time since last request: 0.000351 seconds.
  path: Assets/Playground Low Poly/Prefabs/SM_Grass_02.prefab
  artifactKey: Guid(e2947d46bde79124c82b000f57bf9ca1) Importer(815301076,1909f56bfc062723c751e8b465ee728b)
Start importing Assets/Playground Low Poly/Prefabs/SM_Grass_02.prefab using Guid(e2947d46bde79124c82b000f57bf9ca1) Importer(815301076,1909f56bfc062723c751e8b465ee728b)  -> (artifact id: 'b2ec824ce240545124daf70dac8d5b2f') in 0.031259 seconds
  Import took 0.033944 seconds .

========================================================================
Received Import Request.
  Time since last request: 0.000376 seconds.
  path: Assets/Playground Low Poly/Prefabs/SM_Table_01.prefab
  artifactKey: Guid(c2c9d020f4e67ae4b83c54faa410ad9e) Importer(815301076,1909f56bfc062723c751e8b465ee728b)
Start importing Assets/Playground Low Poly/Prefabs/SM_Table_01.prefab using Guid(c2c9d020f4e67ae4b83c54faa410ad9e) Importer(815301076,1909f56bfc062723c751e8b465ee728b)  -> (artifact id: 'dbac75f94079d3a38d3a144a0018cf38') in 0.032494 seconds
  Import took 0.041216 seconds .

========================================================================
Received Import Request.
  Time since last request: 0.000344 seconds.
  path: Assets/Playground Low Poly/Prefabs/SM_Flowers_03.prefab
  artifactKey: Guid(b2f9830beaa7bc64a93b9cec2e7a3916) Importer(815301076,1909f56bfc062723c751e8b465ee728b)
Start importing Assets/Playground Low Poly/Prefabs/SM_Flowers_03.prefab using Guid(b2f9830beaa7bc64a93b9cec2e7a3916) Importer(815301076,1909f56bfc062723c751e8b465ee728b)  -> (artifact id: 'eb1c3589f569be902e2b67bb4ab4f332') in 0.052618 seconds
  Import took 0.066191 seconds .

========================================================================
Received Import Request.
  Time since last request: 0.000536 seconds.
  path: Assets/Playground Low Poly/Prefabs/SM_Sandbox_03.prefab
  artifactKey: Guid(f0badc85adb9b744ea1894728e94ef2f) Importer(815301076,1909f56bfc062723c751e8b465ee728b)
Start importing Assets/Playground Low Poly/Prefabs/SM_Sandbox_03.prefab using Guid(f0badc85adb9b744ea1894728e94ef2f) Importer(815301076,1909f56bfc062723c751e8b465ee728b)  -> (artifact id: '9612a140e94ae368c649082071dba2b8') in 0.017733 seconds
  Import took 0.049202 seconds .

========================================================================
Received Import Request.
  Time since last request: 0.000567 seconds.
  path: Assets/Playground Low Poly/Prefabs/SM_Swings_04.prefab
  artifactKey: Guid(76127311a732f7f4683e127ce2d794b5) Importer(815301076,1909f56bfc062723c751e8b465ee728b)
Start importing Assets/Playground Low Poly/Prefabs/SM_Swings_04.prefab using Guid(76127311a732f7f4683e127ce2d794b5) Importer(815301076,1909f56bfc062723c751e8b465ee728b)  -> (artifact id: '56dcbc536c01401416c11a7f3c49879b') in 0.056031 seconds
  Import took 0.137363 seconds .

========================================================================
Received Import Request.
  Time since last request: 0.000412 seconds.
  path: Assets/Playground Low Poly/Prefabs/SM_Grass_03.prefab
  artifactKey: Guid(a96ec426591c1a74b90aa643726f600d) Importer(815301076,1909f56bfc062723c751e8b465ee728b)
Start importing Assets/Playground Low Poly/Prefabs/SM_Grass_03.prefab using Guid(a96ec426591c1a74b90aa643726f600d) Importer(815301076,1909f56bfc062723c751e8b465ee728b)  -> (artifact id: '99537004ba1d4cbf1ce19eaaaae9d03f') in 0.022854 seconds
  Import took 0.037569 seconds .

========================================================================
Received Import Request.
  Time since last request: 0.000361 seconds.
  path: Assets/Playground Low Poly/Prefabs/SM_Bench_02.prefab
  artifactKey: Guid(f69fa572bedaac24b813b2dd34fce7b0) Importer(815301076,1909f56bfc062723c751e8b465ee728b)
Start importing Assets/Playground Low Poly/Prefabs/SM_Bench_02.prefab using Guid(f69fa572bedaac24b813b2dd34fce7b0) Importer(815301076,1909f56bfc062723c751e8b465ee728b)  -> (artifact id: 'b81e3b4f363dfeec771e088edc50987f') in 0.039762 seconds
  Import took 0.043341 seconds .

========================================================================
Received Import Request.
  Time since last request: 0.000504 seconds.
  path: Assets/Playground Low Poly/Prefabs/SM_Swings_02.prefab
  artifactKey: Guid(44239bcf89012c540843eb92d48b4351) Importer(815301076,1909f56bfc062723c751e8b465ee728b)
Start importing Assets/Playground Low Poly/Prefabs/SM_Swings_02.prefab using Guid(44239bcf89012c540843eb92d48b4351) Importer(815301076,1909f56bfc062723c751e8b465ee728b)  -> (artifact id: 'ead7317de186eded85d53b236027167f') in 0.017533 seconds
  Import took 0.021014 seconds .

========================================================================
Received Import Request.
  Time since last request: 0.000414 seconds.
  path: Assets/Playground Low Poly/Prefabs/SM_Sandbox_02.prefab
  artifactKey: Guid(ee3d910545b206946a646dfdbb9b8c71) Importer(815301076,1909f56bfc062723c751e8b465ee728b)
Start importing Assets/Playground Low Poly/Prefabs/SM_Sandbox_02.prefab using Guid(ee3d910545b206946a646dfdbb9b8c71) Importer(815301076,1909f56bfc062723c751e8b465ee728b)  -> (artifact id: '15faa74b9bd496660852e65751b242b0') in 0.143369 seconds
  Import took 0.146955 seconds .

========================================================================
Received Import Request.
  Time since last request: 0.000485 seconds.
  path: Assets/Playground Low Poly/Prefabs/SM_Railings_01.prefab
  artifactKey: Guid(19cf7c2c56fd68545a31c378b59a6b92) Importer(815301076,1909f56bfc062723c751e8b465ee728b)
Start importing Assets/Playground Low Poly/Prefabs/SM_Railings_01.prefab using Guid(19cf7c2c56fd68545a31c378b59a6b92) Importer(815301076,1909f56bfc062723c751e8b465ee728b)  -> (artifact id: '16e6a06a19cb325e80319fd72dee59ab') in 0.029092 seconds
  Import took 0.054684 seconds .

========================================================================
Received Import Request.
  Time since last request: 0.000436 seconds.
  path: Assets/Playground Low Poly/Prefabs/SM_Game_Stairs_01.prefab
  artifactKey: Guid(3b50afe5616a95e4d8fcb29f08b823fa) Importer(815301076,1909f56bfc062723c751e8b465ee728b)
Start importing Assets/Playground Low Poly/Prefabs/SM_Game_Stairs_01.prefab using Guid(3b50afe5616a95e4d8fcb29f08b823fa) Importer(815301076,1909f56bfc062723c751e8b465ee728b)  -> (artifact id: '6c26649dc2794b668f0605ecc25b8da4') in 0.025557 seconds
  Import took 0.046144 seconds .

========================================================================
Received Import Request.
  Time since last request: 0.000319 seconds.
  path: Assets/Playground Low Poly/Prefabs/SM_Playground_04.prefab
  artifactKey: Guid(0ed0922b8b8e6b0479c7f593d52df669) Importer(815301076,1909f56bfc062723c751e8b465ee728b)
Start importing Assets/Playground Low Poly/Prefabs/SM_Playground_04.prefab using Guid(0ed0922b8b8e6b0479c7f593d52df669) Importer(815301076,1909f56bfc062723c751e8b465ee728b)  -> (artifact id: '2db37842117aae1afd393cc0d44b5c1c') in 0.025859 seconds
  Import took 0.038453 seconds .

========================================================================
Received Import Request.
  Time since last request: 0.000339 seconds.
  path: Assets/Playground Low Poly/Prefabs/SM_Rings_Crossbar_01.prefab
  artifactKey: Guid(ad642aad4a32e5f4288f38f16fecd99b) Importer(815301076,1909f56bfc062723c751e8b465ee728b)
Start importing Assets/Playground Low Poly/Prefabs/SM_Rings_Crossbar_01.prefab using Guid(ad642aad4a32e5f4288f38f16fecd99b) Importer(815301076,1909f56bfc062723c751e8b465ee728b)  -> (artifact id: '4e6fe1030271b3068854708061a2638d') in 0.075274 seconds
  Import took 0.093143 seconds .

========================================================================
Received Import Request.
  Time since last request: 0.000392 seconds.
  path: Assets/Playground Low Poly/Prefabs/SM_Table_02.prefab
  artifactKey: Guid(12052b0eb059abf42a1c6ce6208507dc) Importer(815301076,1909f56bfc062723c751e8b465ee728b)
Start importing Assets/Playground Low Poly/Prefabs/SM_Table_02.prefab using Guid(12052b0eb059abf42a1c6ce6208507dc) Importer(815301076,1909f56bfc062723c751e8b465ee728b)  -> (artifact id: '0a26eb1fa62df63190bdf5882b4200ea') in 0.069171 seconds
  Import took 0.073131 seconds .

========================================================================
Received Import Request.
  Time since last request: 0.000407 seconds.
  path: Assets/Playground Low Poly/Prefabs/SM_Playground_01.prefab
  artifactKey: Guid(372d31140fa703a4dbfe7f1f34bd4a98) Importer(815301076,1909f56bfc062723c751e8b465ee728b)
Start importing Assets/Playground Low Poly/Prefabs/SM_Playground_01.prefab using Guid(372d31140fa703a4dbfe7f1f34bd4a98) Importer(815301076,1909f56bfc062723c751e8b465ee728b)  -> (artifact id: '2e18f35c4a9e294eed2a56a9f51b29f2') in 0.021155 seconds
  Import took 0.026501 seconds .

========================================================================
Received Import Request.
  Time since last request: 0.000438 seconds.
  path: Assets/Playground Low Poly/Prefabs/SM_Border_100.prefab
  artifactKey: Guid(d3293ea4a24df1840bb80a59cf73ef0f) Importer(815301076,1909f56bfc062723c751e8b465ee728b)
Start importing Assets/Playground Low Poly/Prefabs/SM_Border_100.prefab using Guid(d3293ea4a24df1840bb80a59cf73ef0f) Importer(815301076,1909f56bfc062723c751e8b465ee728b)  -> (artifact id: 'e12a248020db03d590b966729830c915') in 0.051331 seconds
  Import took 0.062550 seconds .

========================================================================
Received Import Request.
  Time since last request: 0.000423 seconds.
  path: Assets/Playground Low Poly/Prefabs/SM_Bench_03.prefab
  artifactKey: Guid(7771c02e50845c148830a38f099c87ce) Importer(815301076,1909f56bfc062723c751e8b465ee728b)
Start importing Assets/Playground Low Poly/Prefabs/SM_Bench_03.prefab using Guid(7771c02e50845c148830a38f099c87ce) Importer(815301076,1909f56bfc062723c751e8b465ee728b)  -> (artifact id: '84009c0d3938108436846e8620fa422d') in 0.018660 seconds
  Import took 0.021668 seconds .

========================================================================
Received Import Request.
  Time since last request: 0.000554 seconds.
  path: Assets/Playground Low Poly/Prefabs/SM_Railings_Angle_01.prefab
  artifactKey: Guid(6ed24e37d2b36dc45977bf6b83f69595) Importer(815301076,1909f56bfc062723c751e8b465ee728b)
Start importing Assets/Playground Low Poly/Prefabs/SM_Railings_Angle_01.prefab using Guid(6ed24e37d2b36dc45977bf6b83f69595) Importer(815301076,1909f56bfc062723c751e8b465ee728b)  -> (artifact id: '839b604a922a7e8109fd931c89f5162f') in 0.065828 seconds
  Import took 0.068842 seconds .

========================================================================
Received Import Request.
  Time since last request: 0.000431 seconds.
  path: Assets/Playground Low Poly/Prefabs/SM_Border_01.prefab
  artifactKey: Guid(e1b71672fd2c5ab41bb58d8c8bbb8469) Importer(815301076,1909f56bfc062723c751e8b465ee728b)
Start importing Assets/Playground Low Poly/Prefabs/SM_Border_01.prefab using Guid(e1b71672fd2c5ab41bb58d8c8bbb8469) Importer(815301076,1909f56bfc062723c751e8b465ee728b)  -> (artifact id: '0c09cd5abd1a1946bfa4af103bfc37e6') in 0.015706 seconds
  Import took 0.018677 seconds .

========================================================================
Received Import Request.
  Time since last request: 0.000461 seconds.
  path: Assets/Playground Low Poly/Prefabs/SM_Chair_02.prefab
  artifactKey: Guid(f9c7a0fb35d0caf4ca51e7ca6fc9a87a) Importer(815301076,1909f56bfc062723c751e8b465ee728b)
Start importing Assets/Playground Low Poly/Prefabs/SM_Chair_02.prefab using Guid(f9c7a0fb35d0caf4ca51e7ca6fc9a87a) Importer(815301076,1909f56bfc062723c751e8b465ee728b)  -> (artifact id: '1fe08fd799147a3f6915dc3edd35c66c') in 0.084294 seconds
  Import took 0.095898 seconds .

========================================================================
Received Import Request.
  Time since last request: 0.000460 seconds.
  path: Assets/Playground Low Poly/Prefabs/SM_Stand_01.prefab
  artifactKey: Guid(2e045b07ba0f74947bd82b767b57b5fa) Importer(815301076,1909f56bfc062723c751e8b465ee728b)
Start importing Assets/Playground Low Poly/Prefabs/SM_Stand_01.prefab using Guid(2e045b07ba0f74947bd82b767b57b5fa) Importer(815301076,1909f56bfc062723c751e8b465ee728b)  -> (artifact id: '1b549a6b2395755df6f905709a7b8b55') in 0.036470 seconds
  Import took 0.039869 seconds .

========================================================================
Received Import Request.
  Time since last request: 0.000415 seconds.
  path: Assets/Playground Low Poly/Prefabs/SM_Sandbox_01.prefab
  artifactKey: Guid(189a0b5ee84cb454e98d2835383607d1) Importer(815301076,1909f56bfc062723c751e8b465ee728b)
Start importing Assets/Playground Low Poly/Prefabs/SM_Sandbox_01.prefab using Guid(189a0b5ee84cb454e98d2835383607d1) Importer(815301076,1909f56bfc062723c751e8b465ee728b)  -> (artifact id: '29b52404dce07edb6af88c53198fb396') in 0.016823 seconds
  Import took 0.025263 seconds .

========================================================================
Received Import Request.
  Time since last request: 0.000583 seconds.
  path: Assets/Playground Low Poly/Prefabs/SM_Game_Piramid_01.prefab
  artifactKey: Guid(a44cccc20f3187546becc81725456fb2) Importer(815301076,1909f56bfc062723c751e8b465ee728b)
Start importing Assets/Playground Low Poly/Prefabs/SM_Game_Piramid_01.prefab using Guid(a44cccc20f3187546becc81725456fb2) Importer(815301076,1909f56bfc062723c751e8b465ee728b)  -> (artifact id: '9d1670c5b88afc0d8c0ea0218200ddae') in 0.034844 seconds
  Import took 0.038902 seconds .

========================================================================
Received Import Request.
  Time since last request: 0.000438 seconds.
  path: Assets/Playground Low Poly/Prefabs/SM_Stone_01.prefab
  artifactKey: Guid(fe8749275d701b4418ca6a811ea83976) Importer(815301076,1909f56bfc062723c751e8b465ee728b)
Start importing Assets/Playground Low Poly/Prefabs/SM_Stone_01.prefab using Guid(fe8749275d701b4418ca6a811ea83976) Importer(815301076,1909f56bfc062723c751e8b465ee728b)  -> (artifact id: 'ec82836fd5362ae66fa243707e130cc7') in 0.016690 seconds
  Import took 0.019659 seconds .

========================================================================
Received Import Request.
  Time since last request: 0.000509 seconds.
  path: Assets/Playground Low Poly/Prefabs/SM_Bench_01.prefab
  artifactKey: Guid(4383a2e5cb59a9a47b88d999c2299e4a) Importer(815301076,1909f56bfc062723c751e8b465ee728b)
Start importing Assets/Playground Low Poly/Prefabs/SM_Bench_01.prefab using Guid(4383a2e5cb59a9a47b88d999c2299e4a) Importer(815301076,1909f56bfc062723c751e8b465ee728b)  -> (artifact id: '8cf57a2b95b2418b1229165a6071c97b') in 0.022517 seconds
  Import took 0.033086 seconds .

========================================================================
Received Import Request.
  Time since last request: 19.704895 seconds.
  path: Assets/Playground Low Poly/Prefabs/SM_Toy_01.prefab
  artifactKey: Guid(7db570eaa30856d4990fda8502c9ce04) Importer(815301076,1909f56bfc062723c751e8b465ee728b)
Start importing Assets/Playground Low Poly/Prefabs/SM_Toy_01.prefab using Guid(7db570eaa30856d4990fda8502c9ce04) Importer(815301076,1909f56bfc062723c751e8b465ee728b)  -> (artifact id: 'fde5079fb5ea9e9ccab53257d5e7786b') in 0.037822 seconds
  Import took 0.063508 seconds .

========================================================================
Received Import Request.
  Time since last request: 0.000541 seconds.
  path: Assets/Playground Low Poly/Prefabs/SM_Toy_03.prefab
  artifactKey: Guid(5557004b13d0f4644bff0b6278ea475b) Importer(815301076,1909f56bfc062723c751e8b465ee728b)
Start importing Assets/Playground Low Poly/Prefabs/SM_Toy_03.prefab using Guid(5557004b13d0f4644bff0b6278ea475b) Importer(815301076,1909f56bfc062723c751e8b465ee728b)  -> (artifact id: '5f2a93ee7ee40fca56f794b81ff38825') in 0.060298 seconds
  Import took 0.069066 seconds .

========================================================================
Received Import Request.
  Time since last request: 0.000557 seconds.
  path: Assets/Playground Low Poly/Prefabs/SM_Toy_02.prefab
  artifactKey: Guid(d76604d888e1f2e4a9ea00687d223934) Importer(815301076,1909f56bfc062723c751e8b465ee728b)
Start importing Assets/Playground Low Poly/Prefabs/SM_Toy_02.prefab using Guid(d76604d888e1f2e4a9ea00687d223934) Importer(815301076,1909f56bfc062723c751e8b465ee728b)  -> (artifact id: '72fdb73102bc5ac2c1eff2babaa7ec81') in 0.021328 seconds
  Import took 0.086190 seconds .

========================================================================
Received Import Request.
  Time since last request: 0.000830 seconds.
  path: Assets/Playground Low Poly/Prefabs/SM_Toy_08.prefab
  artifactKey: Guid(a9ec45772d935864bbb59e8f4d2feab7) Importer(815301076,1909f56bfc062723c751e8b465ee728b)
Start importing Assets/Playground Low Poly/Prefabs/SM_Toy_08.prefab using Guid(a9ec45772d935864bbb59e8f4d2feab7) Importer(815301076,1909f56bfc062723c751e8b465ee728b)  -> (artifact id: '5d40f2381eda65bd122cdd7949f1d432') in 0.047922 seconds
  Import took 0.069822 seconds .

========================================================================
Received Import Request.
  Time since last request: 0.000541 seconds.
  path: Assets/Playground Low Poly/Prefabs/SM_Trash_03.prefab
  artifactKey: Guid(689939cca3be1eb42bb030f4013c62e3) Importer(815301076,1909f56bfc062723c751e8b465ee728b)
Start importing Assets/Playground Low Poly/Prefabs/SM_Trash_03.prefab using Guid(689939cca3be1eb42bb030f4013c62e3) Importer(815301076,1909f56bfc062723c751e8b465ee728b)  -> (artifact id: '39398b1f183dd74753c45abe9d9fea8b') in 0.037851 seconds
  Import took 0.063324 seconds .

========================================================================
Received Import Request.
  Time since last request: 0.000571 seconds.
  path: Assets/Playground Low Poly/Prefabs/SM_Trash_01.prefab
  artifactKey: Guid(df5f74d542da77f46b448ff86a251662) Importer(815301076,1909f56bfc062723c751e8b465ee728b)
Start importing Assets/Playground Low Poly/Prefabs/SM_Trash_01.prefab using Guid(df5f74d542da77f46b448ff86a251662) Importer(815301076,1909f56bfc062723c751e8b465ee728b)  -> (artifact id: '099a8d4b83ddb8f25e12a568b7531ec6') in 0.018662 seconds
  Import took 0.038621 seconds .

========================================================================
Received Import Request.
  Time since last request: 0.000582 seconds.
  path: Assets/Playground Low Poly/Prefabs/SM_Tree_03.prefab
  artifactKey: Guid(ead76e3a9a32299448dfa6d8122b482e) Importer(815301076,1909f56bfc062723c751e8b465ee728b)
Start importing Assets/Playground Low Poly/Prefabs/SM_Tree_03.prefab using Guid(ead76e3a9a32299448dfa6d8122b482e) Importer(815301076,1909f56bfc062723c751e8b465ee728b)  -> (artifact id: '60e39553eafc3641805c0bd2039c1683') in 0.032113 seconds
  Import took 0.062947 seconds .

========================================================================
Received Import Request.
  Time since last request: 0.000570 seconds.
  path: Assets/Playground Low Poly/Prefabs/SM_Tube_01.prefab
  artifactKey: Guid(918a8146c8dd2c749bc63349d9ca7c46) Importer(815301076,1909f56bfc062723c751e8b465ee728b)
Start importing Assets/Playground Low Poly/Prefabs/SM_Tube_01.prefab using Guid(918a8146c8dd2c749bc63349d9ca7c46) Importer(815301076,1909f56bfc062723c751e8b465ee728b)  -> (artifact id: '5229e198faf9ba37d7f8fc241f4cc4e1') in 0.031993 seconds
  Import took 0.039815 seconds .

========================================================================
Received Import Request.
  Time since last request: 0.000407 seconds.
  path: Assets/Playground Low Poly/Prefabs/SM_Trash_02.prefab
  artifactKey: Guid(ee4a7f34f5261724c901112cd4fb5846) Importer(815301076,1909f56bfc062723c751e8b465ee728b)
Start importing Assets/Playground Low Poly/Prefabs/SM_Trash_02.prefab using Guid(ee4a7f34f5261724c901112cd4fb5846) Importer(815301076,1909f56bfc062723c751e8b465ee728b)  -> (artifact id: '270d7b36fdff561d0c0438bd91ff4c09') in 0.017150 seconds
  Import took 0.029165 seconds .

========================================================================
Received Import Request.
  Time since last request: 0.000414 seconds.
  path: Assets/Playground Low Poly/Prefabs/SM_Toy_05.prefab
  artifactKey: Guid(0841527e7a56414448c3a4f010c3e1fe) Importer(815301076,1909f56bfc062723c751e8b465ee728b)
Start importing Assets/Playground Low Poly/Prefabs/SM_Toy_05.prefab using Guid(0841527e7a56414448c3a4f010c3e1fe) Importer(815301076,1909f56bfc062723c751e8b465ee728b)  -> (artifact id: '771c0e14eec5e795ccce50b537bf2720') in 0.020338 seconds
  Import took 0.022862 seconds .

========================================================================
Received Import Request.
  Time since last request: 0.000526 seconds.
  path: Assets/Playground Low Poly/Prefabs/SM_Tree_01.prefab
  artifactKey: Guid(6a3bea1dd0263bf43861bde07f3af72f) Importer(815301076,1909f56bfc062723c751e8b465ee728b)
Start importing Assets/Playground Low Poly/Prefabs/SM_Tree_01.prefab using Guid(6a3bea1dd0263bf43861bde07f3af72f) Importer(815301076,1909f56bfc062723c751e8b465ee728b)  -> (artifact id: '56a44f405cff07ceb73b85f6bb5fd060') in 0.018932 seconds
  Import took 0.021301 seconds .

========================================================================
Received Import Request.
  Time since last request: 0.000368 seconds.
  path: Assets/Playground Low Poly/Prefabs/SM_Toy_06.prefab
  artifactKey: Guid(8162285b6b8717e4bb13e44c94b9e83d) Importer(815301076,1909f56bfc062723c751e8b465ee728b)
Start importing Assets/Playground Low Poly/Prefabs/SM_Toy_06.prefab using Guid(8162285b6b8717e4bb13e44c94b9e83d) Importer(815301076,1909f56bfc062723c751e8b465ee728b)  -> (artifact id: 'c133c6a26ae6b95c8d668966f59a6618') in 0.029864 seconds
  Import took 0.032691 seconds .

========================================================================
Received Import Request.
  Time since last request: 0.000416 seconds.
  path: Assets/Playground Low Poly/Prefabs/SM_Tree_02.prefab
  artifactKey: Guid(fd6a3b627ddc2df4d89542b893289c52) Importer(815301076,1909f56bfc062723c751e8b465ee728b)
Start importing Assets/Playground Low Poly/Prefabs/SM_Tree_02.prefab using Guid(fd6a3b627ddc2df4d89542b893289c52) Importer(815301076,1909f56bfc062723c751e8b465ee728b)  -> (artifact id: '754575baa56fd771e588edba08a9baa9') in 0.016394 seconds
  Import took 0.097979 seconds .

========================================================================
Received Import Request.
  Time since last request: 0.001043 seconds.
  path: Assets/Playground Low Poly/Prefabs/SM_Toy_07.prefab
  artifactKey: Guid(e82daa09e0925164282b8c8639cd585c) Importer(815301076,1909f56bfc062723c751e8b465ee728b)
Start importing Assets/Playground Low Poly/Prefabs/SM_Toy_07.prefab using Guid(e82daa09e0925164282b8c8639cd585c) Importer(815301076,1909f56bfc062723c751e8b465ee728b)  -> (artifact id: 'edb558d0d9ed9d695b172df10e9cc652') in 0.036245 seconds
  Import took 0.039866 seconds .

========================================================================
Received Import Request.
  Time since last request: 0.000508 seconds.
  path: Assets/Playground Low Poly/Prefabs/SM_Toy_04.prefab
  artifactKey: Guid(f397ff5fa4702af4eb0ee7721adacc54) Importer(815301076,1909f56bfc062723c751e8b465ee728b)
Start importing Assets/Playground Low Poly/Prefabs/SM_Toy_04.prefab using Guid(f397ff5fa4702af4eb0ee7721adacc54) Importer(815301076,1909f56bfc062723c751e8b465ee728b)  -> (artifact id: '32bd44c16d8798a36f0ee0797b6a61a7') in 0.036708 seconds
  Import took 0.049241 seconds .

========================================================================
Received Prepare
Registering precompiled user dll's ...
Registered in 0.001375 seconds.
Begin MonoManager ReloadAssembly
Native extension for WindowsStandalone target not found
Native extension for WebGL target not found
Refreshing native plugins compatible for Editor in 0.40 ms, found 0 plugins.
Preloading 0 native plugins for Editor in 0.00 ms.
Invoked RoslynAnalysisRunner static constructor.
RoslynAnalysisRunner will not be running.
RoslynAnalysisRunner has terminated.
Mono: successfully reloaded assembly
- Completed reload, in  0.857 seconds
Platform modules already initialized, skipping
Refreshing native plugins compatible for Editor in 0.41 ms, found 0 plugins.
Preloading 0 native plugins for Editor in 0.00 ms.
Unloading 1288 Unused Serialized files (Serialized files now loaded: 0)
System memory in use before: 88.9 MB.
System memory in use after: 89.0 MB.

Unloading 6 unused Assets to reduce memory usage. Loaded Objects now: 1838.
Total: 1.972300 ms (FindLiveObjects: 0.160800 ms CreateObjectMapping: 0.042100 ms MarkObjects: 1.673400 ms  DeleteObjects: 0.095200 ms)

========================================================================
Received Prepare
Registering precompiled user dll's ...
Registered in 0.001530 seconds.
Begin MonoManager ReloadAssembly
Native extension for WindowsStandalone target not found
Native extension for WebGL target not found
Refreshing native plugins compatible for Editor in 0.41 ms, found 0 plugins.
Preloading 0 native plugins for Editor in 0.00 ms.
Invoked RoslynAnalysisRunner static constructor.
RoslynAnalysisRunner will not be running.
RoslynAnalysisRunner has terminated.
Mono: successfully reloaded assembly
- Completed reload, in  0.962 seconds
Platform modules already initialized, skipping
Refreshing native plugins compatible for Editor in 0.41 ms, found 0 plugins.
Preloading 0 native plugins for Editor in 0.00 ms.
Unloading 1288 Unused Serialized files (Serialized files now loaded: 0)
System memory in use before: 89.0 MB.
System memory in use after: 89.0 MB.

Unloading 6 unused Assets to reduce memory usage. Loaded Objects now: 1841.
Total: 2.027300 ms (FindLiveObjects: 0.180900 ms CreateObjectMapping: 0.056000 ms MarkObjects: 1.705200 ms  DeleteObjects: 0.083500 ms)

========================================================================
Received Prepare
Registering precompiled user dll's ...
Registered in 0.001342 seconds.
Begin MonoManager ReloadAssembly
Native extension for WindowsStandalone target not found
Native extension for WebGL target not found
Refreshing native plugins compatible for Editor in 0.42 ms, found 0 plugins.
Preloading 0 native plugins for Editor in 0.00 ms.
Invoked RoslynAnalysisRunner static constructor.
RoslynAnalysisRunner will not be running.
RoslynAnalysisRunner has terminated.
Mono: successfully reloaded assembly
- Completed reload, in  0.909 seconds
Platform modules already initialized, skipping
Refreshing native plugins compatible for Editor in 0.45 ms, found 0 plugins.
Preloading 0 native plugins for Editor in 0.00 ms.
Unloading 1288 Unused Serialized files (Serialized files now loaded: 0)
System memory in use before: 89.0 MB.
System memory in use after: 89.0 MB.

Unloading 6 unused Assets to reduce memory usage. Loaded Objects now: 1844.
Total: 1.859100 ms (FindLiveObjects: 0.154000 ms CreateObjectMapping: 0.036700 ms MarkObjects: 1.587800 ms  DeleteObjects: 0.078900 ms)

========================================================================
Received Prepare
Registering precompiled user dll's ...
Registered in 0.001352 seconds.
Begin MonoManager ReloadAssembly
Native extension for WindowsStandalone target not found
Native extension for WebGL target not found
Refreshing native plugins compatible for Editor in 0.44 ms, found 0 plugins.
Preloading 0 native plugins for Editor in 0.00 ms.
Invoked RoslynAnalysisRunner static constructor.
RoslynAnalysisRunner will not be running.
RoslynAnalysisRunner has terminated.
Mono: successfully reloaded assembly
- Completed reload, in  1.128 seconds
Platform modules already initialized, skipping
Refreshing native plugins compatible for Editor in 0.40 ms, found 0 plugins.
Preloading 0 native plugins for Editor in 0.00 ms.
Unloading 1288 Unused Serialized files (Serialized files now loaded: 0)
System memory in use before: 89.0 MB.
System memory in use after: 89.0 MB.

Unloading 6 unused Assets to reduce memory usage. Loaded Objects now: 1847.
Total: 3.343300 ms (FindLiveObjects: 0.421400 ms CreateObjectMapping: 0.142800 ms MarkObjects: 2.688900 ms  DeleteObjects: 0.086200 ms)

========================================================================
Received Prepare
Registering precompiled user dll's ...
Registered in 0.002492 seconds.
Begin MonoManager ReloadAssembly
Native extension for WindowsStandalone target not found
Native extension for WebGL target not found
Refreshing native plugins compatible for Editor in 0.55 ms, found 0 plugins.
Preloading 0 native plugins for Editor in 0.00 ms.
Invoked RoslynAnalysisRunner static constructor.
RoslynAnalysisRunner will not be running.
RoslynAnalysisRunner has terminated.
Mono: successfully reloaded assembly
- Completed reload, in  1.054 seconds
Platform modules already initialized, skipping
Refreshing native plugins compatible for Editor in 0.63 ms, found 0 plugins.
Preloading 0 native plugins for Editor in 0.00 ms.
Unloading 1288 Unused Serialized files (Serialized files now loaded: 0)
System memory in use before: 89.0 MB.
System memory in use after: 89.0 MB.

Unloading 6 unused Assets to reduce memory usage. Loaded Objects now: 1850.
Total: 3.861300 ms (FindLiveObjects: 0.324000 ms CreateObjectMapping: 0.100200 ms MarkObjects: 3.235500 ms  DeleteObjects: 0.197800 ms)

========================================================================
Received Import Request.
  Time since last request: 1372.893103 seconds.
  path: Assets/Meshtint Free Boxing Ring Mega Toon Series
  artifactKey: Guid(cf5e8a84141420c41ac052504b379585) Importer(815301076,1909f56bfc062723c751e8b465ee728b)
Start importing Assets/Meshtint Free Boxing Ring Mega Toon Series using Guid(cf5e8a84141420c41ac052504b379585) Importer(815301076,1909f56bfc062723c751e8b465ee728b)  -> (artifact id: 'd151c343c389bf4850d51e5047243702') in 0.012513 seconds
  Import took 0.216450 seconds .

========================================================================
Received Import Request.
  Time since last request: 1.612673 seconds.
  path: Assets/Meshtint Free Boxing Ring Mega Toon Series/Prefabs
  artifactKey: Guid(57185f574150b574689374647ee6ac92) Importer(815301076,1909f56bfc062723c751e8b465ee728b)
Start importing Assets/Meshtint Free Boxing Ring Mega Toon Series/Prefabs using Guid(57185f574150b574689374647ee6ac92) Importer(815301076,1909f56bfc062723c751e8b465ee728b)  -> (artifact id: '5a41f89e388271a4c3bdbbe2c47c3f33') in 0.005395 seconds
  Import took 0.109503 seconds .

========================================================================
Received Import Request.
  Time since last request: 0.000575 seconds.
  path: Assets/Meshtint Free Boxing Ring Mega Toon Series/Prefabs/Pole.prefab
  artifactKey: Guid(264e9bf2cbb8e954cbcb885625b9955c) Importer(815301076,1909f56bfc062723c751e8b465ee728b)
Start importing Assets/Meshtint Free Boxing Ring Mega Toon Series/Prefabs/Pole.prefab using Guid(264e9bf2cbb8e954cbcb885625b9955c) Importer(815301076,1909f56bfc062723c751e8b465ee728b)  -> (artifact id: '6606cdab6ec9eeb591919b52647f20f0') in 0.081007 seconds
  Import took 0.100600 seconds .

========================================================================
Received Import Request.
  Time since last request: 0.000527 seconds.
  path: Assets/Meshtint Free Boxing Ring Mega Toon Series/Prefabs/Rope.prefab
  artifactKey: Guid(869b43ac4ebf0284c96352a161fdf9b5) Importer(815301076,1909f56bfc062723c751e8b465ee728b)
Start importing Assets/Meshtint Free Boxing Ring Mega Toon Series/Prefabs/Rope.prefab using Guid(869b43ac4ebf0284c96352a161fdf9b5) Importer(815301076,1909f56bfc062723c751e8b465ee728b)  -> (artifact id: '121ff8e3c44f82e588234d2f415a489c') in 0.016109 seconds
  Import took 0.021786 seconds .

========================================================================
Received Import Request.
  Time since last request: 0.000582 seconds.
  path: Assets/Meshtint Free Boxing Ring Mega Toon Series/Prefabs/Stage.prefab
  artifactKey: Guid(18353bbdf23cf024cb6e7ccbf0f18af6) Importer(815301076,1909f56bfc062723c751e8b465ee728b)
Start importing Assets/Meshtint Free Boxing Ring Mega Toon Series/Prefabs/Stage.prefab using Guid(18353bbdf23cf024cb6e7ccbf0f18af6) Importer(815301076,1909f56bfc062723c751e8b465ee728b)  -> (artifact id: 'ff02807e77837f6a0c4ac3232d5f2dc2') in 0.020984 seconds
  Import took 0.040307 seconds .

========================================================================
Received Import Request.
  Time since last request: 10.399798 seconds.
  path: Assets/Meshtint Free Boxing Ring Mega Toon Series/Animations
  artifactKey: Guid(e55e4655d0853264e95f34273030f0e2) Importer(815301076,1909f56bfc062723c751e8b465ee728b)
Start importing Assets/Meshtint Free Boxing Ring Mega Toon Series/Animations using Guid(e55e4655d0853264e95f34273030f0e2) Importer(815301076,1909f56bfc062723c751e8b465ee728b)  -> (artifact id: 'ff61127f4d2cedba099fb97707da5107') in 0.005604 seconds
  Import took 0.110131 seconds .

========================================================================
Received Import Request.
  Time since last request: 2.559425 seconds.
  path: Assets/Meshtint Free Boxing Ring Mega Toon Series/FBX
  artifactKey: Guid(fabda9360862287488a5e5f7907261c7) Importer(815301076,1909f56bfc062723c751e8b465ee728b)
Start importing Assets/Meshtint Free Boxing Ring Mega Toon Series/FBX using Guid(fabda9360862287488a5e5f7907261c7) Importer(815301076,1909f56bfc062723c751e8b465ee728b)  -> (artifact id: '0f99fa9fa28d9f77f75cedccfa464522') in 0.108557 seconds
  Import took 0.111407 seconds .

========================================================================
Received Import Request.
  Time since last request: 0.000550 seconds.
  path: Assets/Meshtint Free Boxing Ring Mega Toon Series/FBX/Rope.FBX
  artifactKey: Guid(7ed743c670d009147a3742ec76c24e61) Importer(815301076,1909f56bfc062723c751e8b465ee728b)
Start importing Assets/Meshtint Free Boxing Ring Mega Toon Series/FBX/Rope.FBX using Guid(7ed743c670d009147a3742ec76c24e61) Importer(815301076,1909f56bfc062723c751e8b465ee728b)  -> (artifact id: '420cc96e639e49f5ab50d3adbcf1f545') in 0.095059 seconds
  Import took 0.113705 seconds .

========================================================================
Received Import Request.
  Time since last request: 0.000659 seconds.
  path: Assets/Meshtint Free Boxing Ring Mega Toon Series/FBX/Stage.FBX
  artifactKey: Guid(d011b5adb7962194f9160728c500d917) Importer(815301076,1909f56bfc062723c751e8b465ee728b)
Start importing Assets/Meshtint Free Boxing Ring Mega Toon Series/FBX/Stage.FBX using Guid(d011b5adb7962194f9160728c500d917) Importer(815301076,1909f56bfc062723c751e8b465ee728b)  -> (artifact id: 'fd16bdff5bb25495f8580fbc89bd4ff7') in 0.046663 seconds
  Import took 0.062729 seconds .

========================================================================
Received Import Request.
  Time since last request: 0.000580 seconds.
  path: Assets/Meshtint Free Boxing Ring Mega Toon Series/FBX/Pole.FBX
  artifactKey: Guid(9e7832760a2066b4b887999a2a2d827a) Importer(815301076,1909f56bfc062723c751e8b465ee728b)
Start importing Assets/Meshtint Free Boxing Ring Mega Toon Series/FBX/Pole.FBX using Guid(9e7832760a2066b4b887999a2a2d827a) Importer(815301076,1909f56bfc062723c751e8b465ee728b)  -> (artifact id: '4ef556768f19fe81ce59412f55c48175') in 0.018589 seconds
  Import took 0.051029 seconds .

========================================================================
Received Import Request.
  Time since last request: 2.641375 seconds.
  path: Assets/Meshtint Free Boxing Ring Mega Toon Series/Materials
  artifactKey: Guid(ff1765a1cd43a4841a19025ce760bc5f) Importer(815301076,1909f56bfc062723c751e8b465ee728b)
Start importing Assets/Meshtint Free Boxing Ring Mega Toon Series/Materials using Guid(ff1765a1cd43a4841a19025ce760bc5f) Importer(815301076,1909f56bfc062723c751e8b465ee728b)  -> (artifact id: 'b73beea07c6d10eea67e56a1ce85b5e6') in 0.005376 seconds
  Import took 0.070855 seconds .

========================================================================
Received Import Request.
  Time since last request: 0.030473 seconds.
  path: Assets/Meshtint Free Boxing Ring Mega Toon Series/Materials/Boxing Ring.mat
  artifactKey: Guid(9ffbbf9f1b3f5014881a3c374e3b5ab3) Importer(815301076,1909f56bfc062723c751e8b465ee728b)
Start importing Assets/Meshtint Free Boxing Ring Mega Toon Series/Materials/Boxing Ring.mat using Guid(9ffbbf9f1b3f5014881a3c374e3b5ab3) Importer(815301076,1909f56bfc062723c751e8b465ee728b)  -> (artifact id: '944377f9517fc10db1176953fead5e12') in 0.025944 seconds
  Import took 0.029285 seconds .

========================================================================
Received Import Request.
  Time since last request: 4.553093 seconds.
  path: Assets/Meshtint Free Boxing Ring Mega Toon Series/Scenes
  artifactKey: Guid(b00083708172c3f41bd4e2f263dd36d1) Importer(815301076,1909f56bfc062723c751e8b465ee728b)
Start importing Assets/Meshtint Free Boxing Ring Mega Toon Series/Scenes using Guid(b00083708172c3f41bd4e2f263dd36d1) Importer(815301076,1909f56bfc062723c751e8b465ee728b)  -> (artifact id: '01a99123b50a305091baf093ba7f4ce6') in 0.102628 seconds
  Import took 0.105395 seconds .

========================================================================
Received Import Request.
  Time since last request: 1.280260 seconds.
  path: Assets/Meshtint Free Boxing Ring Mega Toon Series/Scenes/Boxing_Ring_Profiles
  artifactKey: Guid(9ae20c5afe30ddf489511f4986064d12) Importer(815301076,1909f56bfc062723c751e8b465ee728b)
Start importing Assets/Meshtint Free Boxing Ring Mega Toon Series/Scenes/Boxing_Ring_Profiles using Guid(9ae20c5afe30ddf489511f4986064d12) Importer(815301076,1909f56bfc062723c751e8b465ee728b)  -> (artifact id: '27e308053c41721b162476951365beec') in 0.009688 seconds
  Import took 0.091874 seconds .

========================================================================
Received Import Request.
  Time since last request: 0.260865 seconds.
  path: Assets/Meshtint Free Boxing Ring Mega Toon Series/Scenes/Boxing_Ring_Profiles/Boxing Ring.asset
  artifactKey: Guid(2e21a852f7cd47f43afd6cd62f81aa1a) Importer(815301076,1909f56bfc062723c751e8b465ee728b)
Start importing Assets/Meshtint Free Boxing Ring Mega Toon Series/Scenes/Boxing_Ring_Profiles/Boxing Ring.asset using Guid(2e21a852f7cd47f43afd6cd62f81aa1a) Importer(815301076,1909f56bfc062723c751e8b465ee728b)  -> (artifact id: 'abae15cc8db63a0a68a6ce13c807272c') in 0.008050 seconds
  Import took 0.011272 seconds .

========================================================================
Received Import Request.
  Time since last request: 4.473382 seconds.
  path: Assets/Meshtint Free Boxing Ring Mega Toon Series/Textures
  artifactKey: Guid(18bc3b32c8fac9c4c811ced46d217cbc) Importer(815301076,1909f56bfc062723c751e8b465ee728b)
Start importing Assets/Meshtint Free Boxing Ring Mega Toon Series/Textures using Guid(18bc3b32c8fac9c4c811ced46d217cbc) Importer(815301076,1909f56bfc062723c751e8b465ee728b)  -> (artifact id: '83f1365513fe42db7fafbdf94217eb14') in 0.006256 seconds
  Import took 0.009489 seconds .

========================================================================
Received Import Request.
  Time since last request: 0.063704 seconds.
  path: Assets/Meshtint Free Boxing Ring Mega Toon Series/Textures/Boxing Ring.psd
  artifactKey: Guid(01639597baeee0d48a906545f8b26192) Importer(815301076,1909f56bfc062723c751e8b465ee728b)
Start importing Assets/Meshtint Free Boxing Ring Mega Toon Series/Textures/Boxing Ring.psd using Guid(01639597baeee0d48a906545f8b26192) Importer(815301076,1909f56bfc062723c751e8b465ee728b)  -> (artifact id: 'a7beeebee6110dff150611df7eb829e4') in 0.102779 seconds
  Import took 0.105656 seconds .

========================================================================
Received Import Request.
  Time since last request: 4.988023 seconds.
  path: Assets/Meshtint Free Boxing Ring Mega Toon Series/Scenes/Battle Arena.unity
  artifactKey: Guid(11511528cbc660d4c810fd4ca3927ef3) Importer(815301076,1909f56bfc062723c751e8b465ee728b)
Start importing Assets/Meshtint Free Boxing Ring Mega Toon Series/Scenes/Battle Arena.unity using Guid(11511528cbc660d4c810fd4ca3927ef3) Importer(815301076,1909f56bfc062723c751e8b465ee728b)  -> (artifact id: '2bdd1ec3ccd1a4d0a5b7599eba073e82') in 0.006025 seconds
  Import took 0.015633 seconds .

========================================================================
Received Import Request.
  Time since last request: 37.738891 seconds.
  path: Assets/Scenes/Enviro.unity
  artifactKey: Guid(9fc0d4010bbf28b4594072e72b8655ab) Importer(815301076,1909f56bfc062723c751e8b465ee728b)
Start importing Assets/Scenes/Enviro.unity using Guid(9fc0d4010bbf28b4594072e72b8655ab) Importer(815301076,1909f56bfc062723c751e8b465ee728b)  -> (artifact id: '39ef9e6dd5160cc5193f76d1da5c35cf') in 0.009103 seconds
  Import took 0.112818 seconds .

========================================================================
Received Prepare
Registering precompiled user dll's ...
Registered in 0.002160 seconds.
Begin MonoManager ReloadAssembly
Native extension for WindowsStandalone target not found
Native extension for WebGL target not found
Refreshing native plugins compatible for Editor in 0.45 ms, found 0 plugins.
Preloading 0 native plugins for Editor in 0.00 ms.
Invoked RoslynAnalysisRunner static constructor.
RoslynAnalysisRunner will not be running.
RoslynAnalysisRunner has terminated.
Mono: successfully reloaded assembly
- Completed reload, in  0.987 seconds
Platform modules already initialized, skipping
Refreshing native plugins compatible for Editor in 0.48 ms, found 0 plugins.
Preloading 0 native plugins for Editor in 0.00 ms.
Unloading 1288 Unused Serialized files (Serialized files now loaded: 0)
System memory in use before: 89.2 MB.
System memory in use after: 89.3 MB.

Unloading 7 unused Assets to reduce memory usage. Loaded Objects now: 1857.
Total: 2.087900 ms (FindLiveObjects: 0.177500 ms CreateObjectMapping: 0.061300 ms MarkObjects: 1.756700 ms  DeleteObjects: 0.091100 ms)

========================================================================
Received Prepare
Registering precompiled user dll's ...
Registered in 0.001255 seconds.
Begin MonoManager ReloadAssembly
Native extension for WindowsStandalone target not found
Native extension for WebGL target not found
Refreshing native plugins compatible for Editor in 0.43 ms, found 0 plugins.
Preloading 0 native plugins for Editor in 0.00 ms.
Invoked RoslynAnalysisRunner static constructor.
RoslynAnalysisRunner will not be running.
RoslynAnalysisRunner has terminated.
Mono: successfully reloaded assembly
- Completed reload, in  0.832 seconds
Platform modules already initialized, skipping
Refreshing native plugins compatible for Editor in 0.41 ms, found 0 plugins.
Preloading 0 native plugins for Editor in 0.00 ms.
Unloading 1288 Unused Serialized files (Serialized files now loaded: 0)
System memory in use before: 89.2 MB.
System memory in use after: 89.3 MB.

Unloading 6 unused Assets to reduce memory usage. Loaded Objects now: 1860.
Total: 1.986500 ms (FindLiveObjects: 0.195400 ms CreateObjectMapping: 0.055000 ms MarkObjects: 1.649200 ms  DeleteObjects: 0.085300 ms)

AssetImportWorkerClient::OnTransportError - code=2 error=End of file
